2025-11-08 21:35:30,150 - INFO - ✅ Database connections established
2025-11-08 21:35:30,151 - INFO - 
######################################################################
2025-11-08 21:35:30,151 - INFO - 🚗 ISPRAVAN Import Vozila iz TecDoc-a (>= 1990)
2025-11-08 21:35:30,151 - INFO - ######################################################################

2025-11-08 21:35:30,222 - INFO - 📋 Loaded 30 brands from database
2025-11-08 21:35:30,395 - INFO - 📋 Loaded 3843 manufacturers from TecDoc
2025-11-08 21:35:30,457 - INFO - 📦 Loaded 11258 models from TecDoc (>= 1990)
2025-11-08 21:35:30,457 - INFO - 
======================================================================
2025-11-08 21:35:30,457 - INFO - 📦 FAZA 1: Import MODELA
2025-11-08 21:35:30,457 - INFO - ======================================================================

2025-11-08 21:35:30,561 - INFO - ✅ [1/11258] ALFA ROMEO 145 (930_) (1994-2001)
2025-11-08 21:35:30,675 - INFO - ✅ [2/11258] ALFA ROMEO 146 (930_) (1994-2001)
2025-11-08 21:35:30,793 - INFO - ✅ [3/11258] ALFA ROMEO 147 (937_) (2000-2010)
2025-11-08 21:35:31,000 - INFO - ✅ [4/11258] ALFA ROMEO 155 (167_) (1992-1997)
2025-11-08 21:35:31,116 - INFO - ✅ [5/11258] ALFA ROMEO 156 (932_) (1997-2005)
2025-11-08 21:35:31,236 - INFO - ✅ [6/11258] ALFA ROMEO 156 Sportwagon (932_) (1997-2006)
2025-11-08 21:35:31,351 - INFO - ✅ [7/11258] ALFA ROMEO 159 (939_) (2005-2012)
2025-11-08 21:35:31,467 - INFO - ✅ [8/11258] ALFA ROMEO 159 Sportwagon (939_) (2005-2012)
2025-11-08 21:35:31,584 - INFO - ✅ [9/11258] ALFA ROMEO 164 (164_) (1987-1998)
2025-11-08 21:35:31,703 - INFO - ✅ [10/11258] ALFA ROMEO 166 (936_) (1998-2007)
2025-11-08 21:35:31,824 - INFO - ✅ [11/11258] ALFA ROMEO 33 (905_) (1983-1993)
2025-11-08 21:35:31,956 - INFO - ✅ [12/11258] ALFA ROMEO 33 (907A_) (1990-1994)
2025-11-08 21:35:32,078 - INFO - ✅ [13/11258] ALFA ROMEO 33 Sportwagon (907B_) (1990-1994)
2025-11-08 21:35:32,196 - INFO - ✅ [14/11258] ALFA ROMEO 4C (960_) (2013-present)
2025-11-08 21:35:32,314 - INFO - ✅ [15/11258] ALFA ROMEO 4C SPIDER (961_) (2014-present)
2025-11-08 21:35:32,432 - INFO - ✅ [16/11258] ALFA ROMEO 75 (162B_) (1985-1992)
2025-11-08 21:35:32,549 - INFO - ✅ [17/11258] ALFA ROMEO 8C (920_) (2007-2009)
2025-11-08 21:35:32,667 - INFO - ✅ [18/11258] ALFA ROMEO 8C SPIDER (920_) (2008-2010)
2025-11-08 21:35:32,783 - INFO - ✅ [19/11258] ALFA ROMEO BRERA (939_) (2006-2010)
2025-11-08 21:35:32,899 - INFO - ✅ [20/11258] ALFA ROMEO GIULIA (952_) (2015-present)
2025-11-08 21:35:33,015 - INFO - ✅ [21/11258] ALFA ROMEO GIULIETTA (940_) (2010-present)
2025-11-08 21:35:33,133 - INFO - ✅ [22/11258] ALFA ROMEO GT (937_) (2003-2010)
2025-11-08 21:35:33,252 - INFO - ✅ [23/11258] ALFA ROMEO GTV (916_) (1994-2005)
2025-11-08 21:35:33,369 - INFO - ✅ [24/11258] ALFA ROMEO MITO (955_) (2008-present)
2025-11-08 21:35:33,486 - INFO - ✅ [25/11258] ALFA ROMEO RL Saloon (0-present)
2025-11-08 21:35:33,604 - INFO - ✅ [26/11258] ALFA ROMEO RZ (1992-1994)
2025-11-08 21:35:33,724 - INFO - ✅ [27/11258] ALFA ROMEO SPIDER (115_) (1971-1993)
2025-11-08 21:35:33,851 - INFO - ✅ [28/11258] ALFA ROMEO SPIDER (916_) (1994-2005)
2025-11-08 21:35:33,969 - INFO - ✅ [29/11258] ALFA ROMEO SPIDER (939_) (2006-2010)
2025-11-08 21:35:34,085 - INFO - ✅ [30/11258] ALFA ROMEO STELVIO (949_) (2016-present)
2025-11-08 21:35:34,205 - INFO - ✅ [31/11258] ALFA ROMEO SZ (1988-1994)
2025-11-08 21:35:34,320 - INFO - ✅ [32/11258] AUDI 100 (44, 44Q, C3) (1982-1991)
2025-11-08 21:35:34,438 - INFO - ✅ [33/11258] AUDI 100 (4A2, C4) (1990-1994)
2025-11-08 21:35:34,559 - INFO - ✅ [34/11258] AUDI 100 Avant (44, 44Q, C3) (1982-1990)
2025-11-08 21:35:34,675 - INFO - ✅ [35/11258] AUDI 100 Avant (4A5, C4) (1990-1994)
2025-11-08 21:35:34,803 - INFO - ✅ [36/11258] AUDI 200 (44, 44Q) (1983-1991)
2025-11-08 21:35:34,918 - INFO - ✅ [37/11258] AUDI 200 Avant (44, 44Q) (1983-1991)
2025-11-08 21:35:35,035 - INFO - ✅ [38/11258] AUDI 80 (89, 89Q, 8A, B3) (1986-1991)
2025-11-08 21:35:35,154 - INFO - ✅ [39/11258] AUDI 80 (8C2, B4) (1991-1995)
2025-11-08 21:35:35,269 - INFO - ✅ [40/11258] AUDI 80 Avant (8C5, B4) (1991-1996)
2025-11-08 21:35:35,390 - INFO - ✅ [41/11258] AUDI 90 (89, 89Q, 8A, B3) (1987-1991)
2025-11-08 21:35:35,506 - INFO - ✅ [42/11258] AUDI A1 (8X1, 8XK) (2010-2018)
2025-11-08 21:35:35,621 - INFO - ✅ [43/11258] AUDI A1 Sportback (8XA, 8XF) (2011-2018)
2025-11-08 21:35:35,739 - INFO - ✅ [44/11258] AUDI A2 (8Z0) (2000-2005)
2025-11-08 21:35:35,941 - INFO - ✅ [45/11258] AUDI A3 (8L1) (1996-2003)
2025-11-08 21:35:36,060 - INFO - ✅ [46/11258] AUDI A3 (8P1) (2003-2012)
2025-11-08 21:35:36,175 - INFO - ✅ [47/11258] AUDI A3 (8V1, 8VK) (2012-present)
2025-11-08 21:35:36,292 - INFO - ✅ [48/11258] AUDI A3 Convertible (8P7) (2008-2013)
2025-11-08 21:35:36,412 - INFO - ✅ [49/11258] AUDI A3 Convertible (8V7, 8VE) (2013-present)
2025-11-08 21:35:36,528 - INFO - ✅ [50/11258] AUDI A3 Limousine (8VS, 8VM) (2013-present)
2025-11-08 21:35:36,528 - INFO - 
📊 Progress: 50/11258 (0.4%)
2025-11-08 21:35:36,528 - INFO -    Imported: 50, Skipped: 0

2025-11-08 21:35:36,666 - INFO - ✅ [51/11258] AUDI A3 Sportback (8PA) (2004-2013)
2025-11-08 21:35:36,797 - INFO - ✅ [52/11258] AUDI A3 Sportback (8VA, 8VF) (2012-present)
2025-11-08 21:35:36,971 - INFO - ✅ [53/11258] AUDI A4 (8D2, B5) (1994-2001)
2025-11-08 21:35:37,087 - INFO - ✅ [54/11258] AUDI A4 (8E2, B6) (2000-2004)
2025-11-08 21:35:37,202 - INFO - ✅ [55/11258] AUDI A4 (8EC, B7) (2004-2008)
2025-11-08 21:35:37,320 - INFO - ✅ [56/11258] AUDI A4 (8K2, B8) (2007-2015)
2025-11-08 21:35:37,446 - INFO - ✅ [57/11258] AUDI A4 (8W2, B9) (2015-present)
2025-11-08 21:35:37,655 - INFO - ✅ [58/11258] AUDI A4 Allroad (8KH, B8) (2009-2016)
2025-11-08 21:35:37,771 - INFO - ✅ [59/11258] AUDI A4 Allroad (8WH, B9) (2016-present)
2025-11-08 21:35:37,904 - INFO - ✅ [60/11258] AUDI A4 Avant (8D5, B5) (1994-2001)
2025-11-08 21:35:38,018 - INFO - ✅ [61/11258] AUDI A4 Avant (8E5, B6) (2000-2005)
2025-11-08 21:35:38,134 - INFO - ✅ [62/11258] AUDI A4 Avant (8ED, B7) (2004-2008)
2025-11-08 21:35:38,253 - INFO - ✅ [63/11258] AUDI A4 Avant (8K5, B8) (2007-2015)
2025-11-08 21:35:38,371 - INFO - ✅ [64/11258] AUDI A4 Avant (8W5, B9) (2015-present)
2025-11-08 21:35:38,489 - INFO - ✅ [65/11258] AUDI A4 Convertible (8H7, B6, 8HE, B7) (2002-2009)
2025-11-08 21:35:38,605 - INFO - ✅ [66/11258] AUDI A5 (8T3) (2007-2017)
2025-11-08 21:35:38,721 - INFO - ✅ [67/11258] AUDI A5 (F53) (2016-present)
2025-11-08 21:35:38,842 - INFO - ✅ [68/11258] AUDI A5 Convertible (8F7) (2009-2017)
2025-11-08 21:35:38,958 - INFO - ✅ [69/11258] AUDI A5 Convertible (F57) (2016-present)
2025-11-08 21:35:39,077 - INFO - ✅ [70/11258] AUDI A5 Sportback (8TA) (2009-2017)
2025-11-08 21:35:39,196 - INFO - ✅ [71/11258] AUDI A5 Sportback (F5A) (2016-present)
2025-11-08 21:35:39,329 - INFO - ✅ [72/11258] AUDI A6 (4A2, C4) (1994-1997)
2025-11-08 21:35:39,449 - INFO - ✅ [73/11258] AUDI A6 (4B2, C5) (1997-2005)
2025-11-08 21:35:39,565 - INFO - ✅ [74/11258] AUDI A6 (4F2, C6) (2004-2011)
2025-11-08 21:35:39,684 - INFO - ✅ [75/11258] AUDI A6 (4G2, 4GC, C7) (2010-present)
2025-11-08 21:35:39,801 - INFO - ✅ [76/11258] AUDI A6 (C8, 4A2) (2018-present)
2025-11-08 21:35:39,916 - INFO - ✅ [77/11258] AUDI A6 Allroad (4FH, C6) (2006-2011)
2025-11-08 21:35:40,036 - INFO - ✅ [78/11258] AUDI A6 Allroad (4GH, 4GJ) (2012-2018)
2025-11-08 21:35:40,151 - INFO - ✅ [79/11258] AUDI A6 Avant (4A5, C4) (1994-1997)
2025-11-08 21:35:40,269 - INFO - ✅ [80/11258] AUDI A6 Avant (4B5, C5) (1997-2005)
2025-11-08 21:35:40,385 - INFO - ✅ [81/11258] AUDI A6 Avant (4F5, C6) (2005-2011)
2025-11-08 21:35:40,512 - INFO - ✅ [82/11258] AUDI A6 Avant (4G5, 4GD, C7) (2011-present)
2025-11-08 21:35:40,639 - INFO - ✅ [83/11258] AUDI A6 Avant (C8, 4A5) (2018-present)
2025-11-08 21:35:40,757 - INFO - ✅ [84/11258] AUDI A7 Sportback (4GA, 4GF) (2010-2018)
2025-11-08 21:35:40,875 - INFO - ✅ [85/11258] AUDI A7 Sportback (4KA) (2017-present)
2025-11-08 21:35:40,994 - INFO - ✅ [86/11258] AUDI A8 (4D2, 4D8) (1994-2005)
2025-11-08 21:35:41,110 - INFO - ✅ [87/11258] AUDI A8 (4E2, 4E8) (2002-2010)
2025-11-08 21:35:41,225 - INFO - ✅ [88/11258] AUDI A8 (4H2, 4H8, 4HC, 4HL) (2009-present)
2025-11-08 21:35:41,341 - INFO - ✅ [89/11258] AUDI A8 (4N2, 4N8) (2017-present)
2025-11-08 21:35:41,473 - INFO - ✅ [90/11258] AUDI ALLROAD (4BH, C5) (2000-2005)
2025-11-08 21:35:41,591 - INFO - ✅ [91/11258] AUDI CABRIOLET (8G7, B4) (1991-2000)
2025-11-08 21:35:41,710 - INFO - ✅ [92/11258] AUDI COUPE (89, 8B) (1988-1996)
2025-11-08 21:35:41,868 - INFO - ✅ [93/11258] AUDI Q2 (GAB) (2016-present)
2025-11-08 21:35:41,986 - INFO - ✅ [94/11258] AUDI Q3 (8UB, 8UG) (2011-present)
2025-11-08 21:35:42,101 - INFO - ✅ [95/11258] AUDI Q5 (8RB) (2008-present)
2025-11-08 21:35:42,228 - INFO - ✅ [96/11258] AUDI Q5 (FYB) (2016-present)
2025-11-08 21:35:42,345 - INFO - ✅ [97/11258] AUDI Q7 (4LB) (2006-2016)
2025-11-08 21:35:42,474 - INFO - ✅ [98/11258] AUDI Q7 (4MB) (2015-present)
2025-11-08 21:35:42,601 - INFO - ✅ [99/11258] AUDI Q8 (4MN) (2018-present)
2025-11-08 21:35:42,717 - INFO - ✅ [100/11258] AUDI QUATTRO (85) (1980-1991)
2025-11-08 21:35:42,717 - INFO - 
📊 Progress: 100/11258 (0.9%)
2025-11-08 21:35:42,718 - INFO -    Imported: 100, Skipped: 0

2025-11-08 21:35:42,836 - INFO - ✅ [101/11258] AUDI R8 (422, 423) (2007-2015)
2025-11-08 21:35:42,960 - INFO - ✅ [102/11258] AUDI R8 (4S3) (2015-present)
2025-11-08 21:35:43,085 - INFO - ✅ [103/11258] AUDI R8 Spyder (427, 429) (2010-2015)
2025-11-08 21:35:43,201 - INFO - ✅ [104/11258] AUDI R8 Spyder (4S9) (2016-present)
2025-11-08 21:35:43,329 - INFO - ✅ [105/11258] AUDI TT (8J3) (2006-2014)
2025-11-08 21:35:43,464 - INFO - ✅ [106/11258] AUDI TT (8N3) (1998-2006)
2025-11-08 21:35:43,580 - INFO - ✅ [107/11258] AUDI TT (FV3) (2014-present)
2025-11-08 21:35:43,700 - INFO - ✅ [108/11258] AUDI TT Roadster (8J9) (2007-2014)
2025-11-08 21:35:43,827 - INFO - ✅ [109/11258] AUDI TT Roadster (8N9) (1999-2006)
2025-11-08 21:35:43,948 - INFO - ✅ [110/11258] AUDI TT Roadster (FV9) (2014-present)
2025-11-08 21:35:44,063 - INFO - ✅ [111/11258] AUDI V8 (441, 442, 4C2, 4C8) (1988-1994)
2025-11-08 21:35:44,179 - INFO - ✅ [126/11258] BMW 1 (E81) (2006-2011)
2025-11-08 21:35:44,311 - INFO - ✅ [127/11258] BMW 1 (E87) (2003-2013)
2025-11-08 21:35:44,427 - INFO - ✅ [128/11258] BMW 1 (F20) (2010-present)
2025-11-08 21:35:44,545 - INFO - ✅ [129/11258] BMW 1 (F21) (2011-present)
2025-11-08 21:35:44,665 - INFO - ✅ [130/11258] BMW 1 (F52) (2018-present)
2025-11-08 21:35:44,781 - INFO - ✅ [131/11258] BMW 1 Convertible (E88) (2008-2013)
2025-11-08 21:35:44,897 - INFO - ✅ [132/11258] BMW 1 Coupe (E82) (2006-2013)
2025-11-08 21:35:45,012 - INFO - ✅ [133/11258] BMW 2 Active Tourer (F45) (2013-present)
2025-11-08 21:35:45,129 - INFO - ✅ [134/11258] BMW 2 Convertible (F23) (2014-present)
2025-11-08 21:35:45,245 - INFO - ✅ [135/11258] BMW 2 Coupe (F22, F87) (2012-present)
2025-11-08 21:35:45,364 - INFO - ✅ [136/11258] BMW 2 Gran Tourer (F46) (2014-present)
2025-11-08 21:35:45,484 - INFO - ✅ [137/11258] BMW 3 (E30) (1982-1992)
2025-11-08 21:35:45,606 - INFO - ✅ [138/11258] BMW 3 (E36) (1990-1998)
2025-11-08 21:35:45,728 - INFO - ✅ [139/11258] BMW 3 (E46) (1998-2005)
2025-11-08 21:35:45,846 - INFO - ✅ [140/11258] BMW 3 (E90) (2004-2011)
2025-11-08 21:35:45,962 - INFO - ✅ [141/11258] BMW 3 (F30, F80) (2011-present)
2025-11-08 21:35:46,080 - INFO - ✅ [142/11258] BMW 3 Compact (E36) (1994-2000)
2025-11-08 21:35:46,200 - INFO - ✅ [143/11258] BMW 3 Compact (E46) (2001-2005)
2025-11-08 21:35:46,315 - INFO - ✅ [144/11258] BMW 3 Convertible (E30) (1985-1993)
2025-11-08 21:35:46,438 - INFO - ✅ [145/11258] BMW 3 Convertible (E36) (1993-1999)
2025-11-08 21:35:46,563 - INFO - ✅ [146/11258] BMW 3 Convertible (E46) (2000-2007)
2025-11-08 21:35:46,682 - INFO - ✅ [147/11258] BMW 3 Convertible (E93) (2006-2013)
2025-11-08 21:35:46,803 - INFO - ✅ [148/11258] BMW 3 Coupe (E36) (1991-1999)
2025-11-08 21:35:46,930 - INFO - ✅ [149/11258] BMW 3 Coupe (E46) (1999-2006)
2025-11-08 21:35:47,046 - INFO - ✅ [150/11258] BMW 3 Coupe (E92) (2005-2013)
2025-11-08 21:35:47,047 - INFO - 
📊 Progress: 150/11258 (1.3%)
2025-11-08 21:35:47,047 - INFO -    Imported: 136, Skipped: 14

2025-11-08 21:35:47,167 - INFO - ✅ [151/11258] BMW 3 Gran Turismo (F34) (2012-present)
2025-11-08 21:35:47,302 - INFO - ✅ [152/11258] BMW 3 Touring (E30) (1987-1994)
2025-11-08 21:35:47,417 - INFO - ✅ [153/11258] BMW 3 Touring (E36) (1994-1999)
2025-11-08 21:35:47,542 - INFO - ✅ [154/11258] BMW 3 Touring (E46) (1999-2005)
2025-11-08 21:35:47,660 - INFO - ✅ [155/11258] BMW 3 Touring (E91) (2004-2012)
2025-11-08 21:35:47,777 - INFO - ✅ [156/11258] BMW 3 Touring (F31) (2011-present)
2025-11-08 21:35:47,894 - INFO - ✅ [157/11258] BMW 4 Convertible (F33, F83) (2013-present)
2025-11-08 21:35:48,010 - INFO - ✅ [158/11258] BMW 4 Coupe (F32, F82) (2013-present)
2025-11-08 21:35:48,135 - INFO - ✅ [159/11258] BMW 4 Gran Coupe (F36) (2014-present)
2025-11-08 21:35:48,251 - INFO - ✅ [160/11258] BMW 5 (E34) (1987-1995)
2025-11-08 21:35:48,368 - INFO - ✅ [161/11258] BMW 5 (E39) (1995-2003)
2025-11-08 21:35:48,493 - INFO - ✅ [162/11258] BMW 5 (E60) (2001-2010)
2025-11-08 21:35:48,614 - INFO - ✅ [163/11258] BMW 5 (F10) (2009-2016)
2025-11-08 21:35:48,744 - INFO - ✅ [164/11258] BMW 5 (G30, F90) (2016-present)
2025-11-08 21:35:48,860 - INFO - ✅ [165/11258] BMW 5 Gran Turismo (F07) (2009-2017)
2025-11-08 21:35:48,980 - INFO - ✅ [166/11258] BMW 5 Touring (E34) (1991-1997)
2025-11-08 21:35:49,094 - INFO - ✅ [167/11258] BMW 5 Touring (E39) (1996-2004)
2025-11-08 21:35:49,212 - INFO - ✅ [168/11258] BMW 5 Touring (E61) (2004-2010)
2025-11-08 21:35:49,327 - INFO - ✅ [169/11258] BMW 5 Touring (F11) (2009-present)
2025-11-08 21:35:49,445 - INFO - ✅ [170/11258] BMW 5 Touring (G31) (2017-present)
2025-11-08 21:35:49,564 - INFO - ✅ [171/11258] BMW 6 (E63) (2004-2010)
2025-11-08 21:35:49,681 - INFO - ✅ [172/11258] BMW 6 Convertible (E64) (2004-2010)
2025-11-08 21:35:49,797 - INFO - ✅ [173/11258] BMW 6 Convertible (F12) (2011-present)
2025-11-08 21:35:49,913 - INFO - ✅ [174/11258] BMW 6 Coupe (F13) (2010-present)
2025-11-08 21:35:50,031 - INFO - ✅ [175/11258] BMW 6 Gran Coupe (F06) (2011-present)
2025-11-08 21:35:50,148 - INFO - ✅ [176/11258] BMW 6 Gran Turismo (G32) (2017-present)
2025-11-08 21:35:50,265 - INFO - ✅ [177/11258] BMW 7 (E32) (1986-1994)
2025-11-08 21:35:50,382 - INFO - ✅ [178/11258] BMW 7 (E38) (1994-2001)
2025-11-08 21:35:50,499 - INFO - ✅ [179/11258] BMW 7 (E65, E66, E67) (2001-2009)
2025-11-08 21:35:50,616 - INFO - ✅ [180/11258] BMW 7 (F01, F02, F03, F04) (2008-2015)
2025-11-08 21:35:50,735 - INFO - ✅ [181/11258] BMW 7 (G11, G12) (2014-present)
2025-11-08 21:35:50,853 - INFO - ✅ [182/11258] BMW 8 (E31) (1990-1999)
2025-11-08 21:35:50,984 - INFO - ✅ [183/11258] BMW 8 (G15) (2018-present)
2025-11-08 21:35:51,099 - INFO - ✅ [184/11258] BMW i3 (I01) (2013-present)
2025-11-08 21:35:51,216 - INFO - ✅ [185/11258] BMW i8 (I12) (2014-present)
2025-11-08 21:35:51,331 - INFO - ✅ [186/11258] BMW i8 Roadster (I15) (2018-present)
2025-11-08 21:35:51,448 - INFO - ✅ [187/11258] BMW X1 (E84) (2009-2015)
2025-11-08 21:35:51,564 - INFO - ✅ [188/11258] BMW X1 (F48) (2014-present)
2025-11-08 21:35:51,689 - INFO - ✅ [189/11258] BMW X2 (F39) (2017-present)
2025-11-08 21:35:51,817 - INFO - ✅ [190/11258] BMW X3 (E83) (2003-2011)
2025-11-08 21:35:51,933 - INFO - ✅ [191/11258] BMW X3 (F25) (2010-present)
2025-11-08 21:35:52,051 - INFO - ✅ [192/11258] BMW X3 (G01) (2017-present)
2025-11-08 21:35:52,167 - INFO - ✅ [193/11258] BMW X4 (F26) (2013-2018)
2025-11-08 21:35:52,288 - INFO - ✅ [194/11258] BMW X4 (G02) (2018-present)
2025-11-08 21:35:52,451 - INFO - ✅ [195/11258] BMW X5 (E53) (2000-2007)
2025-11-08 21:35:52,567 - INFO - ✅ [196/11258] BMW X5 (E70) (2006-2013)
2025-11-08 21:35:52,690 - INFO - ✅ [197/11258] BMW X5 (F15, F85) (2012-2018)
2025-11-08 21:35:52,809 - INFO - ✅ [198/11258] BMW X5 (G05) (2018-present)
2025-11-08 21:35:52,925 - INFO - ✅ [199/11258] BMW X6 (E71, E72) (2007-2014)
2025-11-08 21:35:53,062 - INFO - ✅ [200/11258] BMW X6 (F16, F86) (2014-present)
2025-11-08 21:35:53,062 - INFO - 
📊 Progress: 200/11258 (1.8%)
2025-11-08 21:35:53,062 - INFO -    Imported: 186, Skipped: 14

2025-11-08 21:35:53,179 - INFO - ✅ [201/11258] BMW Z1 Roadster (1988-1991)
2025-11-08 21:35:53,295 - INFO - ✅ [202/11258] BMW Z3 Coupe (E36) (1997-2003)
2025-11-08 21:35:53,413 - INFO - ✅ [203/11258] BMW Z3 Roadster (E36) (1995-2003)
2025-11-08 21:35:53,546 - INFO - ✅ [204/11258] BMW Z4 Coupe (E86) (2006-2009)
2025-11-08 21:35:53,662 - INFO - ✅ [205/11258] BMW Z4 Roadster (E85) (2003-2009)
2025-11-08 21:35:53,778 - INFO - ✅ [206/11258] BMW Z4 Roadster (E89) (2009-present)
2025-11-08 21:35:53,894 - INFO - ✅ [207/11258] BMW Z8 Roadster (E52) (2000-2003)
2025-11-08 21:35:54,014 - INFO - ✅ [740/11258] FIAT 124 Spider (348_) (2016-present)
2025-11-08 21:35:54,131 - INFO - ✅ [741/11258] FIAT 126 (126_) (1972-2000)
2025-11-08 21:35:54,250 - INFO - ✅ [742/11258] FIAT 127 (127_) (1971-1996)
2025-11-08 21:35:54,371 - INFO - ✅ [743/11258] FIAT 128 Saloon (1983-1991)
2025-11-08 21:35:54,488 - INFO - ✅ [744/11258] FIAT 147 (1976-1996)
2025-11-08 21:35:54,643 - INFO - ✅ [746/11258] FIAT 500 (312_) (2007-present)
2025-11-08 21:35:54,771 - INFO - ✅ [747/11258] FIAT 500 C (312_) (2009-present)
2025-11-08 21:35:54,886 - INFO - ✅ [748/11258] FIAT 500L (351_, 352_) (2012-present)
2025-11-08 21:35:55,004 - INFO - ✅ [749/11258] FIAT 500X (334_) (2014-present)
2025-11-08 21:35:55,120 - INFO - ✅ [750/11258] FIAT ARGO (358_) (2017-present)
2025-11-08 21:35:55,121 - INFO - 
📊 Progress: 750/11258 (6.7%)
2025-11-08 21:35:55,121 - INFO -    Imported: 203, Skipped: 547

2025-11-08 21:35:55,241 - INFO - ✅ [751/11258] FIAT AVVENTURA (199) (2014-present)
2025-11-08 21:35:55,357 - INFO - ✅ [752/11258] FIAT BALILLA 508 S Coupe (0-present)
2025-11-08 21:35:55,487 - INFO - ✅ [753/11258] FIAT BALILLA 508 Saloon (0-present)
2025-11-08 21:35:55,633 - INFO - ✅ [755/11258] FIAT BALILLA 508 Spider (0-present)
2025-11-08 21:35:55,781 - INFO - ✅ [757/11258] FIAT BALILLA 508 Tourer (0-present)
2025-11-08 21:35:55,939 - INFO - ✅ [759/11258] FIAT BARCHETTA (183_) (1995-2005)
2025-11-08 21:35:56,087 - INFO - ✅ [760/11258] FIAT BRAVA (182_) (1995-2003)
2025-11-08 21:35:56,205 - INFO - ✅ [761/11258] FIAT BRAVO I (182_) (1995-2001)
2025-11-08 21:35:56,324 - INFO - ✅ [762/11258] FIAT BRAVO II (198_) (2006-present)
2025-11-08 21:35:56,450 - INFO - ✅ [763/11258] FIAT CINQUECENTO (170_) (1991-1999)
2025-11-08 21:35:56,570 - INFO - ✅ [764/11258] FIAT CINQUECENTO VAN (170) (1991-1998)
2025-11-08 21:35:56,686 - INFO - ✅ [765/11258] FIAT COUPE (175_) (1993-2000)
2025-11-08 21:35:56,813 - INFO - ✅ [766/11258] FIAT CROMA (154_) (1985-1996)
2025-11-08 21:35:56,940 - INFO - ✅ [767/11258] FIAT CROMA (194_) (2005-present)
2025-11-08 21:35:57,070 - INFO - ✅ [768/11258] FIAT CRONOS (359_) (2017-present)
2025-11-08 21:35:57,214 - INFO - ✅ [769/11258] FIAT DOBLO Box Body / Estate (263_) (2010-present)
2025-11-08 21:35:57,340 - INFO - ✅ [770/11258] FIAT DOBLO Cargo (223_) (2000-present)
2025-11-08 21:35:57,460 - INFO - ✅ [771/11258] FIAT DOBLO Kombi (263_) (2009-present)
2025-11-08 21:35:57,579 - INFO - ✅ [772/11258] FIAT DOBLO MPV (119_, 223_) (2001-present)
2025-11-08 21:35:57,696 - INFO - ✅ [773/11258] FIAT DOBLO Platform/Chassis (263_) (2010-present)
2025-11-08 21:35:57,814 - INFO - ✅ [774/11258] FIAT DUCATO Box (230_) (1994-2005)
2025-11-08 21:35:57,929 - INFO - ✅ [775/11258] FIAT DUCATO Box (244_) (2002-present)
2025-11-08 21:35:58,046 - INFO - ✅ [776/11258] FIAT DUCATO Box (250_, 290_) (2006-present)
2025-11-08 21:35:58,164 - INFO - ✅ [777/11258] FIAT DUCATO Box (280_) (1982-1990)
2025-11-08 21:35:58,279 - INFO - ✅ [778/11258] FIAT DUCATO Box (290_) (1989-1994)
2025-11-08 21:35:58,401 - INFO - ✅ [779/11258] FIAT DUCATO Bus (230_) (1994-2002)
2025-11-08 21:35:58,521 - INFO - ✅ [780/11258] FIAT DUCATO Bus (244_) (2002-present)
2025-11-08 21:35:58,638 - INFO - ✅ [781/11258] FIAT DUCATO Bus (250_, 290_) (2006-present)
2025-11-08 21:35:58,755 - INFO - ✅ [782/11258] FIAT DUCATO Panorama (280_) (1982-1990)
2025-11-08 21:35:58,879 - INFO - ✅ [783/11258] FIAT DUCATO Panorama (290_) (1990-1994)
2025-11-08 21:35:59,009 - INFO - ✅ [784/11258] FIAT DUCATO Platform/Chassis (230_) (1994-2002)
2025-11-08 21:35:59,128 - INFO - ✅ [785/11258] FIAT DUCATO Platform/Chassis (244_) (2002-present)
2025-11-08 21:35:59,245 - INFO - ✅ [786/11258] FIAT DUCATO Platform/Chassis (250_, 290_) (2006-present)
2025-11-08 21:35:59,363 - INFO - ✅ [787/11258] FIAT DUCATO Platform/Chassis (280_) (1982-1990)
2025-11-08 21:35:59,498 - INFO - ✅ [788/11258] FIAT DUCATO Platform/Chassis (290_) (1989-1994)
2025-11-08 21:35:59,614 - INFO - ✅ [789/11258] FIAT DUNA (146_) (1987-1991)
2025-11-08 21:35:59,732 - INFO - ✅ [790/11258] FIAT DUNA Saloon (1988-2001)
2025-11-08 21:35:59,889 - INFO - ✅ [792/11258] FIAT DUNA Weekend (146_) (1987-2001)
2025-11-08 21:36:00,003 - INFO - ✅ [793/11258] FIAT ELBA (146_) (1985-1997)
2025-11-08 21:36:00,120 - INFO - ✅ [794/11258] FIAT FIORINO (147_) (1980-1993)
2025-11-08 21:36:00,236 - INFO - ✅ [795/11258] FIAT FIORINO Box (2013-present)
2025-11-08 21:36:00,357 - INFO - ✅ [796/11258] FIAT FIORINO Box (146_) (1988-present)
2025-11-08 21:36:00,476 - INFO - ✅ [797/11258] FIAT FIORINO Box Body / Estate (225_) (2007-present)
2025-11-08 21:36:00,608 - INFO - ✅ [798/11258] FIAT FIORINO Pick up (146_) (1988-2001)
2025-11-08 21:36:00,727 - INFO - ✅ [799/11258] FIAT FREEMONT (345_) (2011-present)
2025-11-08 21:36:00,844 - INFO - ✅ [800/11258] FIAT FULLBACK Pickup (502_, 503_) (2016-present)
2025-11-08 21:36:00,845 - INFO - 
📊 Progress: 800/11258 (7.1%)
2025-11-08 21:36:00,845 - INFO -    Imported: 249, Skipped: 551

2025-11-08 21:36:00,961 - INFO - ✅ [801/11258] FIAT GRANDE PUNTO (199_) (2005-present)
2025-11-08 21:36:01,080 - INFO - ✅ [802/11258] FIAT GRANDE PUNTO Van (199_) (2005-2013)
2025-11-08 21:36:01,207 - INFO - ✅ [803/11258] FIAT IDEA (350_) (2003-present)
2025-11-08 21:36:01,324 - INFO - ✅ [804/11258] FIAT LINEA (323_, 110_) (2007-present)
2025-11-08 21:36:01,527 - INFO - ✅ [805/11258] FIAT MAREA (185_) (1996-2007)
2025-11-08 21:36:01,657 - INFO - ✅ [806/11258] FIAT MAREA Weekend (185_) (1996-2007)
2025-11-08 21:36:01,775 - INFO - ✅ [807/11258] FIAT MILLE (1988-present)
2025-11-08 21:36:01,925 - INFO - ✅ [808/11258] FIAT MOBI (341) (2016-present)
2025-11-08 21:36:02,042 - INFO - ✅ [809/11258] FIAT MULTIPLA (186_) (1999-2010)
2025-11-08 21:36:02,162 - INFO - ✅ [810/11258] FIAT PALIO (178_) (1996-present)
2025-11-08 21:36:02,290 - INFO - ✅ [811/11258] FIAT PALIO (26_, 27_, 28_) (2011-present)
2025-11-08 21:36:02,409 - INFO - ✅ [812/11258] FIAT PALIO FIRE (2004-present)
2025-11-08 21:36:02,526 - INFO - ✅ [813/11258] FIAT PALIO Weekend (178_) (1996-present)
2025-11-08 21:36:02,654 - INFO - ✅ [814/11258] FIAT PALIO Weekend (373_) (2010-present)
2025-11-08 21:36:02,771 - INFO - ✅ [815/11258] FIAT PANDA (141_) (1980-2004)
2025-11-08 21:36:02,905 - INFO - ✅ [816/11258] FIAT PANDA (169_) (2003-present)
2025-11-08 21:36:03,022 - INFO - ✅ [817/11258] FIAT PANDA (312_, 319_) (2012-present)
2025-11-08 21:36:03,139 - INFO - ✅ [818/11258] FIAT PANDA Van (141_) (1986-2004)
2025-11-08 21:36:03,263 - INFO - ✅ [819/11258] FIAT PANDA Van (169_) (2004-present)
2025-11-08 21:36:03,388 - INFO - ✅ [820/11258] FIAT PANDA VAN (312_, 519_) (2012-present)
2025-11-08 21:36:03,515 - INFO - ✅ [821/11258] FIAT PENNY VAN (257_) (1986-1990)
2025-11-08 21:36:03,633 - INFO - ✅ [822/11258] FIAT PREMIO (1985-1996)
2025-11-08 21:36:03,749 - INFO - ✅ [823/11258] FIAT PUNTO (176_) (1993-1999)
2025-11-08 21:36:03,871 - INFO - ✅ [824/11258] FIAT PUNTO (188_) (1999-2012)
2025-11-08 21:36:03,988 - INFO - ✅ [825/11258] FIAT PUNTO (199_) (2012-present)
2025-11-08 21:36:04,104 - INFO - ✅ [826/11258] FIAT PUNTO Convertible (176_) (1994-2000)
2025-11-08 21:36:04,232 - INFO - ✅ [827/11258] FIAT PUNTO EVO (199_) (2008-present)
2025-11-08 21:36:04,347 - INFO - ✅ [828/11258] FIAT PUNTO EVO Van (199_) (2009-2012)
2025-11-08 21:36:04,465 - INFO - ✅ [829/11258] FIAT PUNTO Van (176_) (1996-2000)
2025-11-08 21:36:04,581 - INFO - ✅ [830/11258] FIAT PUNTO Van (188_) (2000-2009)
2025-11-08 21:36:04,704 - INFO - ✅ [831/11258] FIAT PUNTO Van (199_) (2006-present)
2025-11-08 21:36:04,820 - INFO - ✅ [832/11258] FIAT QUBO (225_) (2008-present)
2025-11-08 21:36:04,935 - INFO - ✅ [833/11258] FIAT REGATA (138_) (1983-1995)
2025-11-08 21:36:05,052 - INFO - ✅ [834/11258] FIAT REGATA Weekend (138_) (1983-1995)
2025-11-08 21:36:05,169 - INFO - ✅ [835/11258] FIAT SCUDO (270_, 272_) (2007-present)
2025-11-08 21:36:05,287 - INFO - ✅ [836/11258] FIAT SCUDO Box (220_) (1996-2006)
2025-11-08 21:36:05,404 - INFO - ✅ [837/11258] FIAT SCUDO Box (270_, 272_) (2007-present)
2025-11-08 21:36:05,522 - INFO - ✅ [838/11258] FIAT SCUDO Combinato (220_) (1996-2006)
2025-11-08 21:36:05,580 - INFO - 🔌 Database connections closed
