2025-11-09 11:56:20,714 - INFO - ✅ Database connections established
2025-11-09 11:56:20,714 - INFO - 
######################################################################
2025-11-09 11:56:20,714 - INFO - 🚀 FAZA 2 - Batch Obogaćivanje Proizvoda
2025-11-09 11:56:20,714 - INFO - ######################################################################

2025-11-09 11:56:21,124 - INFO - 📍 Starting from offset: 101
2025-11-09 11:56:21,220 - INFO - 
======================================================================
2025-11-09 11:56:21,220 - INFO - 📦 BATCH #3 (offset: 101, size: 50)
2025-11-09 11:56:21,220 - INFO - ======================================================================
2025-11-09 11:56:21,220 - INFO - [1/50] 38950 - PREKIDAČ VISOKOG PRITISKA KLIMA UREĐAJA...
2025-11-09 11:56:21,404 - INFO -    ✅ Updated categoryId: Pogon na točkove
2025-11-09 11:56:21,502 - INFO -    ✅ Saved 2 attribute(s) to technicalSpecs
2025-11-09 11:56:21,519 - INFO -    No results from TecDoc passengercars_link_engines query
2025-11-09 11:56:21,519 - INFO -    ⚠️  No engine-specific vehicles, trying by model...
2025-11-09 11:56:21,578 - INFO -    ⏭️  manufacturerId already set
2025-11-09 11:56:21,633 - INFO - [2/50] CTR1043 - Krajnik golf 5 03 LX...
2025-11-09 11:56:21,710 - INFO -    ✅ Saved 4 attribute(s) to technicalSpecs
2025-11-09 11:56:22,584 - INFO -    Found 500 passengercars with engines from TecDoc
2025-11-09 11:56:22,585 - INFO -    Unique passengercars IDs: 200
2025-11-09 11:56:22,585 - INFO -    Sample IDs: [19968, 19969, 11268, 4613, 11782]
2025-11-09 11:56:22,847 - INFO -    Mapped to 200 vehicles in our database
2025-11-09 11:56:22,847 - INFO -    ✅ Found 200 vehicles with engine specificity
2025-11-09 11:56:42,325 - INFO -    ⏭️  manufacturerId already set
2025-11-09 11:56:42,361 - INFO -    ⏭️  oemNumber already set: 108483
2025-11-09 11:56:42,416 - INFO - [3/50] TD861W - ČAURA LAF.BMW E90 05-...
2025-11-09 11:56:42,524 - INFO -    ✅ Updated categoryId: Posebni alati
2025-11-09 11:56:42,619 - INFO -    ✅ Saved 3 attribute(s) to technicalSpecs
2025-11-09 11:56:42,981 - INFO -    Found 500 passengercars with engines from TecDoc
2025-11-09 11:56:42,982 - INFO -    Unique passengercars IDs: 200
2025-11-09 11:56:42,982 - INFO -    Sample IDs: [6145, 6146, 6147, 6148, 11]
2025-11-09 11:56:43,059 - INFO -    Mapped to 200 vehicles in our database
2025-11-09 11:56:43,059 - INFO -    ✅ Found 200 vehicles with engine specificity
2025-11-09 11:57:03,503 - INFO -    ⏭️  manufacturerId already set
2025-11-09 11:57:03,533 - INFO -    ⏭️  oemNumber already set: 270247
2025-11-09 11:57:03,587 - INFO - [4/50] 9336006 - LEŽ.PR.KOLA VOLVO S60/80/V70 98-SET...
2025-11-09 11:57:03,688 - INFO -    ✅ Updated categoryId: Osovine / upravljanje / točkovi
2025-11-09 11:57:03,781 - INFO -    ✅ Saved 4 attribute(s) to technicalSpecs
2025-11-09 11:57:04,615 - INFO -    Found 500 passengercars with engines from TecDoc
2025-11-09 11:57:04,616 - INFO -    Unique passengercars IDs: 200
2025-11-09 11:57:04,616 - INFO -    Sample IDs: [6151, 10248, 10249, 6154, 10250]
2025-11-09 11:57:04,693 - INFO -    Mapped to 141 vehicles in our database
2025-11-09 11:57:04,693 - INFO -    ✅ Found 141 vehicles with engine specificity
2025-11-09 11:57:24,930 - INFO -    ⏭️  manufacturerId already set
2025-11-09 11:57:24,968 - INFO -    ⏭️  oemNumber already set: 436026
2025-11-09 11:57:25,023 - INFO - [5/50] 30 94 5481 - MANŽETA VO.AUDI  PR.L. A6 (C7) 11->18...
2025-11-09 11:57:25,418 - INFO -    ✅ Updated categoryId: Pogon na točkove
2025-11-09 11:57:25,546 - INFO -    ✅ Saved 5 attribute(s) to technicalSpecs
2025-11-09 11:57:26,906 - INFO -    Found 500 passengercars with engines from TecDoc
2025-11-09 11:57:26,907 - INFO -    Unique passengercars IDs: 200
2025-11-09 11:57:26,907 - INFO -    Sample IDs: [19968, 19969, 11268, 4613, 11782]
2025-11-09 11:57:27,130 - INFO -    Mapped to 200 vehicles in our database
2025-11-09 11:57:27,131 - INFO -    ✅ Found 200 vehicles with engine specificity
2025-11-09 11:58:38,864 - ERROR - ❌ Error processing 30 94 5481: connection already closed
2025-11-09 11:58:38,922 - INFO - [6/50] PSG006 - GRIJAČ PSG006 OPEL ASTRA J, GTC J, INSIG...
2025-11-09 11:58:39,001 - ERROR - ❌ Error processing PSG006: connection already closed
2025-11-09 11:58:39,056 - INFO - [7/50] 00224453 - SELEN LAFETA ZD VANJ FORD FOC.-...
2025-11-09 11:58:39,073 - ERROR - ❌ Error processing 00224453: connection already closed
2025-11-09 11:58:39,128 - INFO - [8/50] T1392 - AMORTIZER OS. MB PREDNJI T1392 MP4...
2025-11-09 11:58:39,170 - ERROR - ❌ Error processing T1392: connection already closed
2025-11-09 11:58:39,221 - INFO - [9/50] 78950 - SENZOR KABINE...
2025-11-09 11:58:39,235 - ERROR - ❌ Error processing 78950: connection already closed
2025-11-09 11:58:39,290 - INFO - [10/50] 290181 - MAZALICA RAVNA M8X1...
2025-11-09 11:58:39,296 - ERROR - ❌ Error processing 290181: connection already closed
2025-11-09 11:58:39,351 - INFO - [11/50] 78391 - MOMENT KLJUČ 1/4 5-25NM...
2025-11-09 11:58:39,359 - ERROR - ❌ Error processing 78391: connection already closed
2025-11-09 11:58:39,414 - INFO - [12/50] TA2049 - SPONA GOLA VOLVO S40/V50 04-...
2025-11-09 11:58:39,423 - ERROR - ❌ Error processing TA2049: connection already closed
2025-11-09 11:58:39,478 - INFO - [13/50] OP574/1 - FILT.ULJA PERKINS (AGREGAT)...
2025-11-09 11:58:39,486 - ERROR - ❌ Error processing OP574/1: connection already closed
2025-11-09 11:58:39,538 - INFO - [14/50] 210045 - AD BLUE 20L...
2025-11-09 11:58:39,545 - ERROR - ❌ Error processing 210045: connection already closed
2025-11-09 11:58:39,609 - INFO - [15/50] H196WK - FILTER GORIVA...
2025-11-09 11:58:39,639 - ERROR - ❌ Error processing H196WK: connection already closed
2025-11-09 11:58:39,693 - INFO - [16/50] 18043 - MANŽETNA LETVE VOLANA...
2025-11-09 11:58:39,709 - ERROR - ❌ Error processing 18043: connection already closed
2025-11-09 11:58:39,764 - INFO - [17/50] 46632 - KUTNA CIJEVNA KLIJEŠTA 90 2"...
2025-11-09 11:58:39,784 - ERROR - ❌ Error processing 46632: connection already closed
2025-11-09 11:58:39,838 - INFO - [18/50] TD801W - VIJAK AMORT.MB ZAD.OS. W210 E22CDI 95->0...
2025-11-09 11:58:39,848 - ERROR - ❌ Error processing TD801W: connection already closed
2025-11-09 11:58:39,901 - INFO - [19/50] 018.070 - BR.GLAVE A4/A6 2.7/3.0TDI 4-6CIL.3R...
2025-11-09 11:58:39,908 - ERROR - ❌ Error processing 018.070: connection already closed
2025-11-09 11:58:39,960 - INFO - [20/50] 08-424200-10 - KARIKE HYNDAI...
2025-11-09 11:58:39,968 - ERROR - ❌ Error processing 08-424200-10: connection already closed
2025-11-09 11:58:40,019 - INFO - [21/50] YTX12-BS - AKUMULATOR MOTO YUASA YTX12-BS...
2025-11-09 11:58:40,026 - ERROR - ❌ Error processing YTX12-BS: connection already closed
2025-11-09 11:58:40,081 - INFO - [22/50] SP554023 - ZRAČNI JASTUK SA ŠOLJOM...
2025-11-09 11:58:40,093 - ERROR - ❌ Error processing SP554023: connection already closed
2025-11-09 11:58:40,144 - INFO - [23/50] 0 241 135 520 - SVJEĆICE...
2025-11-09 11:58:40,149 - ERROR - ❌ Error processing 0 241 135 520: connection already closed
2025-11-09 11:58:40,200 - INFO - [24/50] 2000 - Climate refresh...
2025-11-09 11:58:40,225 - ERROR - ❌ Error processing 2000: connection already closed
2025-11-09 11:58:40,281 - INFO - [25/50] 81-40538-00 - SEM.32x47x10 BREG.VW 1.6/2.0TDI...
2025-11-09 11:58:40,286 - ERROR - ❌ Error processing 81-40538-00: connection already closed
2025-11-09 11:58:40,338 - INFO - [26/50] YT9B-BS - AKUMULATOR 8AH 12V AGM MOTO CIAK
150x69x...
2025-11-09 11:58:40,343 - ERROR - ❌ Error processing YT9B-BS: connection already closed
2025-11-09 11:58:40,398 - INFO - [27/50] 24.0122-0216.1 - DISK  PLOČA  PR.MEGANE 1.4 16V 02 -> D26...
2025-11-09 11:58:40,405 - ERROR - ❌ Error processing 24.0122-0216.1: connection already closed
2025-11-09 11:58:40,456 - INFO - [28/50] 06513 - OPRUGE ZADNJE BMW ZD (SUPLEX)...
2025-11-09 11:58:40,462 - ERROR - ❌ Error processing 06513: connection already closed
2025-11-09 11:58:40,515 - INFO - [29/50] 10862 - BEŠAVNA CIJEV ČELIČNA 22X2 POCINČANA...
2025-11-09 11:58:40,524 - ERROR - ❌ Error processing 10862: connection already closed
2025-11-09 11:58:40,577 - INFO - [30/50] 14940 - BEŠAVNA CIJEV ČELIČNA 20X2,5 POCINČANA...
2025-11-09 11:58:40,583 - ERROR - ❌ Error processing 14940: connection already closed
2025-11-09 11:58:40,637 - INFO - [31/50] 118822 - USISNA GRANA...
2025-11-09 11:58:40,643 - ERROR - ❌ Error processing 118822: connection already closed
2025-11-09 11:58:40,694 - INFO - [32/50] 119277 - VENTIL OZR. KUĆIŠTA RADIL....
2025-11-09 11:58:40,701 - ERROR - ❌ Error processing 119277: connection already closed
2025-11-09 11:58:40,753 - INFO - [33/50] 119697 - KARTER...
2025-11-09 11:58:40,758 - ERROR - ❌ Error processing 119697: connection already closed
2025-11-09 11:58:40,808 - INFO - [34/50] 382.711 - BRTVA DEKLA BMW...
2025-11-09 11:58:40,814 - ERROR - ❌ Error processing 382.711: connection already closed
2025-11-09 11:58:40,864 - INFO - [35/50] 588025 - REMENICA ALT.MB  A-170CDI W168 98-01...
2025-11-09 11:58:40,872 - ERROR - ❌ Error processing 588025: connection already closed
2025-11-09 11:58:40,922 - INFO - [36/50] 5402-05-339870P - SRED. STOP SVJETLO VW CADDY...
2025-11-09 11:58:40,929 - ERROR - ❌ Error processing 5402-05-339870P: connection already closed
2025-11-09 11:58:40,980 - INFO - [37/50] 6415080 - FAR DX PEUGEOT 207 H7/H1 SA MOT...
2025-11-09 11:58:40,988 - ERROR - ❌ Error processing 6415080: connection already closed
2025-11-09 11:58:41,044 - INFO - [38/50] GIC172 - KABAL DISK PLOČICA...
2025-11-09 11:58:41,053 - ERROR - ❌ Error processing GIC172: connection already closed
2025-11-09 11:58:41,061 - INFO - 
⚠️  Interrupted by user - progress saved!
2025-11-09 11:58:41,064 - INFO - 🔌 Database connections closed
