2025-11-09 01:11:42,402 - INFO - ✅ Database connections established
2025-11-09 01:11:42,402 - INFO - 🔄 FORCE MODE: Re-processing ALL products from the beginning!
2025-11-09 01:11:42,402 - INFO - 
######################################################################
2025-11-09 01:11:42,402 - INFO - 🚀 FAZA 2 - Batch Obogaćivanje Proizvoda
2025-11-09 01:11:42,402 - INFO - ######################################################################

2025-11-09 01:11:42,402 - INFO - 🔄 FORCE MODE: Starting from offset 0 (re-processing ALL)
2025-11-09 01:11:42,490 - INFO - 
======================================================================
2025-11-09 01:11:42,490 - INFO - 📦 BATCH #1 (offset: 0, size: 50)
2025-11-09 01:11:42,490 - INFO - ======================================================================
2025-11-09 01:11:42,490 - INFO - [1/50] 15-0295-00-9 - SVJETLO REGISTARSKE TABLICE...
2025-11-09 01:11:42,625 - INFO -    ✅ Updated categoryId: Električni sistem
2025-11-09 01:11:42,718 - INFO -    ✅ Saved 1 attribute(s) to technicalSpecs
2025-11-09 01:11:47,393 - INFO -    ⏭️  manufacturerId already set
2025-11-09 01:11:47,425 - INFO -    ⏭️  oemNumber already set: 63267193293
2025-11-09 01:11:47,480 - INFO - [2/50] 83815 - MIRIS AROMA CAR JELKICA XTRA BUBBLE GUM...
2025-11-09 01:11:47,579 - INFO -    ✅ Updated categoryId: Električni sistem
2025-11-09 01:11:48,424 - INFO -    ⏭️  manufacturerId already set
2025-11-09 01:11:48,455 - INFO -    ⏭️  oemNumber already set: 1447912
2025-11-09 01:11:48,505 - INFO - [3/50] 83811 - MIRIS AROMA CAR JELKICA XTRA VANILIA...
2025-11-09 01:11:48,601 - INFO -    ✅ Updated categoryId: Električni sistem
2025-11-09 01:11:55,887 - INFO -    ⏭️  manufacturerId already set
2025-11-09 01:11:55,919 - INFO -    ⏭️  oemNumber already set: 0061514801
2025-11-09 01:11:55,974 - INFO - [4/50] 525601 - MIRIS WUNDER BAUM CLIP CHERRY...
2025-11-09 01:11:56,071 - INFO -    ✅ Updated categoryId: Pogon na točkove
2025-11-09 01:11:56,160 - INFO -    ✅ Saved 1 attribute(s) to technicalSpecs
2025-11-09 01:12:04,688 - INFO -    ⏭️  manufacturerId already set
2025-11-09 01:12:04,720 - INFO -    ⏭️  oemNumber already set: 44017T0AA00
2025-11-09 01:12:04,773 - INFO - [5/50] 791520 - MANNOL EXTREME 5W40 20L SN/CH A3/B4 VW 5...
2025-11-09 01:12:04,871 - INFO -    ✅ Updated categoryId: Motor
2025-11-09 01:12:04,963 - INFO -    ✅ Saved 2 attribute(s) to technicalSpecs
2025-11-09 01:12:08,160 - INFO -    ⏭️  manufacturerId already set
2025-11-09 01:12:08,191 - INFO -    ⏭️  oemNumber already set: RF1G-12-205
2025-11-09 01:12:08,247 - INFO - [6/50] FS1280 - FILTER GORIVA...
2025-11-09 01:12:08,346 - INFO -    ✅ Updated categoryId: Filteri
2025-11-09 01:12:08,436 - INFO -    ✅ Saved 3 attribute(s) to technicalSpecs
2025-11-09 01:12:20,386 - INFO -    ⏭️  manufacturerId already set
2025-11-09 01:12:20,418 - INFO -    ⏭️  oemNumber already set: 3417710
2025-11-09 01:12:20,474 - INFO - [7/50] 24.8190-0067.2 - KABAL DISK PL.M-176/246 A/B 12-...
2025-11-09 01:12:20,543 - INFO -    ✅ Saved 1 attribute(s) to technicalSpecs
2025-11-09 01:12:27,827 - INFO -    ⏭️  manufacturerId already set
2025-11-09 01:12:27,858 - INFO -    ⏭️  oemNumber already set: 221106
2025-11-09 01:12:27,913 - INFO - [8/50] 5808 - KAPA MUŠKA KAMLOK SPOJKE 2...
2025-11-09 01:12:28,026 - INFO -    ✅ Updated categoryId: Sistemi udobnosti
2025-11-09 01:12:28,117 - INFO -    ✅ Saved 2 attribute(s) to technicalSpecs
2025-11-09 01:12:38,641 - INFO -    ⏭️  manufacturerId already set
2025-11-09 01:12:38,671 - INFO -    ⏭️  oemNumber already set: 96602004
2025-11-09 01:12:38,726 - INFO - [9/50] 5821 - STORZ SPOJKA 3...
2025-11-09 01:12:38,824 - INFO -    ✅ Updated categoryId: Posebni alati
2025-11-09 01:12:38,994 - INFO -    ✅ Saved 1 attribute(s) to technicalSpecs
2025-11-09 01:12:49,252 - INFO -    ⏭️  manufacturerId already set
2025-11-09 01:12:49,283 - INFO -    ⏭️  oemNumber already set: 96590723
2025-11-09 01:12:49,338 - INFO - [10/50] D10326TT - PUMPA VODE...
2025-11-09 01:12:49,442 - INFO -    ✅ Updated categoryId: Sistem za hlađenje
2025-11-09 01:13:01,423 - INFO -    ⏭️  manufacturerId already set
2025-11-09 01:13:01,454 - INFO -    ⏭️  oemNumber already set: 216929
2025-11-09 01:13:01,504 - INFO - [11/50] 5824 - KAPA ŽENSKA KAMLOK SPOJKE 2"...
2025-11-09 01:13:01,567 - INFO -    ✅ Saved 3 attribute(s) to technicalSpecs
2025-11-09 01:13:01,628 - INFO -    ⏭️  manufacturerId already set
2025-11-09 01:13:01,684 - INFO - [12/50] 0483 - KAMLOK SPOJKA MT 2"...
2025-11-09 01:13:01,782 - INFO -    ✅ Updated categoryId: Formiranje smjese goriva
2025-11-09 01:13:01,876 - INFO -    ✅ Saved 6 attribute(s) to technicalSpecs
2025-11-09 01:13:07,334 - INFO -    ⏭️  manufacturerId already set
2025-11-09 01:13:07,365 - INFO -    ⏭️  oemNumber already set: 8942165890
2025-11-09 01:13:07,420 - INFO - [13/50] 5797 - KAMLOK SPOJKA VT 2"...
2025-11-09 01:13:07,519 - INFO -    ✅ Updated categoryId: Pogon na točkove
2025-11-09 01:13:07,607 - INFO -    ✅ Saved 6 attribute(s) to technicalSpecs
2025-11-09 01:13:16,322 - INFO -    ⏭️  manufacturerId already set
2025-11-09 01:13:16,352 - INFO -    ⏭️  oemNumber already set: ADU5308
2025-11-09 01:13:16,404 - INFO - [14/50] 18548 - Selen blok lafete prednje osovine...
2025-11-09 01:13:16,477 - INFO -    ✅ Saved 4 attribute(s) to technicalSpecs
2025-11-09 01:13:37,324 - INFO -    ⏭️  manufacturerId already set
2025-11-09 01:13:37,356 - INFO -    ⏭️  oemNumber already set: 158944
2025-11-09 01:13:37,408 - INFO - [15/50] 58006173 - HL.GRIJANJA GOLF 4/OCTAVIA BRZA SPOJKA...
2025-11-09 01:13:37,478 - INFO -    ✅ Saved 4 attribute(s) to technicalSpecs
2025-11-09 01:13:42,159 - INFO -    ⏭️  manufacturerId already set
2025-11-09 01:13:42,189 - INFO -    ⏭️  oemNumber already set: 445354
2025-11-09 01:13:42,242 - INFO - [16/50] TC649 - LAFET ASTRA DX...
2025-11-09 01:13:42,337 - INFO -    ✅ Updated categoryId: Pogon na točkove
2025-11-09 01:13:42,451 - INFO -    ✅ Saved 5 attribute(s) to technicalSpecs
2025-11-09 01:13:43,153 - INFO -    ⏭️  manufacturerId already set
2025-11-09 01:13:43,182 - INFO -    ⏭️  oemNumber already set: 3273EJ
2025-11-09 01:13:43,234 - INFO - [17/50] TC648 - LAFET ASTRA LX...
2025-11-09 01:13:43,331 - INFO -    ✅ Updated categoryId: Pogon na točkove
2025-11-09 01:13:43,423 - INFO -    ✅ Saved 5 attribute(s) to technicalSpecs
2025-11-09 01:13:44,123 - INFO -    ⏭️  manufacturerId already set
2025-11-09 01:13:44,157 - INFO -    ⏭️  oemNumber already set: 3272EJ
2025-11-09 01:13:44,212 - INFO - [18/50] 581364 - GUMA SAVA185/60 R15 84T ZIMSKA S3+ MS...
2025-11-09 01:13:44,307 - INFO -    ✅ Updated categoryId: Motor
2025-11-09 01:13:44,370 - INFO -    ⏭️  manufacturerId already set
2025-11-09 01:13:44,421 - INFO - [19/50] 820310 - MANNOL ATF 10L C3...
2025-11-09 01:13:44,518 - INFO -    ✅ Updated categoryId: Pogon na točkove
2025-11-09 01:13:44,613 - INFO -    ✅ Saved 4 attribute(s) to technicalSpecs
2025-11-09 01:13:44,713 - INFO -    ⏭️  manufacturerId already set
2025-11-09 01:13:44,767 - INFO - [20/50] 532509 - GUMA SAVA 225/55 R16 95H ESKIMO HP2...
2025-11-09 01:13:44,877 - INFO -    ✅ Updated categoryId: Izduvni sistem
2025-11-09 01:13:47,980 - INFO -    ⏭️  manufacturerId already set
2025-11-09 01:13:48,010 - INFO -    ⏭️  oemNumber already set: 84AB5310FA
2025-11-09 01:13:48,062 - INFO - [21/50] 0443 - PRETVARAČ STRUJE MAX 220V-12V 3A...
2025-11-09 01:13:48,159 - INFO -    ✅ Updated categoryId: Formiranje smjese goriva
2025-11-09 01:13:48,250 - INFO -    ✅ Saved 4 attribute(s) to technicalSpecs
2025-11-09 01:13:48,313 - INFO -    ⏭️  manufacturerId already set
2025-11-09 01:13:48,370 - INFO - [22/50] 915.017 - GUMICE POKLOPCA VENTILA...
2025-11-09 01:13:48,465 - INFO -    ✅ Updated categoryId: Motor
2025-11-09 01:13:48,560 - INFO -    ✅ Saved 2 attribute(s) to technicalSpecs
2025-11-09 01:14:04,151 - INFO -    ⏭️  manufacturerId already set
2025-11-09 01:14:04,192 - INFO -    ⏭️  oemNumber already set: 225947
2025-11-09 01:14:04,246 - INFO - [23/50] 915.009 - GUMICE POKLOPCA VENTILA...
2025-11-09 01:14:04,432 - INFO -    ✅ Updated categoryId: Motor
2025-11-09 01:14:04,526 - INFO -    ✅ Saved 2 attribute(s) to technicalSpecs
2025-11-09 01:14:18,470 - INFO -    ⏭️  manufacturerId already set
2025-11-09 01:14:18,503 - INFO -    ⏭️  oemNumber already set: 67534
2025-11-09 01:14:18,558 - INFO - [24/50] 15750 - SPOJKA GSV -1 (1")...
2025-11-09 01:14:18,653 - INFO -    ✅ Updated categoryId: Kočioni sistem
2025-11-09 01:14:18,742 - INFO -    ✅ Saved 9 attribute(s) to technicalSpecs
2025-11-09 01:14:37,661 - INFO -    ⏭️  manufacturerId already set
2025-11-09 01:14:37,692 - INFO -    ⏭️  oemNumber already set: 569014
2025-11-09 01:14:37,745 - INFO - [25/50] 3 397 014 009 - MET. BRISAČA A009S...
2025-11-09 01:14:37,814 - INFO -    ✅ Saved 3 attribute(s) to technicalSpecs
2025-11-09 01:14:41,120 - INFO -    ⏭️  manufacturerId already set
2025-11-09 01:14:41,159 - INFO -    ⏭️  oemNumber already set: A009S
2025-11-09 01:14:41,210 - INFO - [26/50] 047417 - KOPČA SIGURNOSNOG POJASA METAL/PLASTIKA ...
2025-11-09 01:14:41,305 - INFO -    ✅ Updated categoryId: Električni sistem
2025-11-09 01:14:41,396 - INFO -    ✅ Saved 2 attribute(s) to technicalSpecs
2025-11-09 01:14:42,752 - INFO - 
⚠️  Interrupted by user - progress saved!
2025-11-09 01:14:42,755 - INFO - 🔌 Database connections closed
