2025-11-10 18:52:27,826 - INFO - 🚀 Starting TecDoc Enrichment
2025-11-10 18:52:27,827 - INFO -    TecDoc MySQL: localhost:3306
2025-11-10 18:52:27,827 - INFO -    PostgreSQL: Neon TEST (copy of production) ⚠️
2025-11-10 18:52:27,827 - INFO -    Force mode: True
2025-11-10 18:52:27,827 - INFO -    Limit: 5 products
2025-11-10 18:52:27,827 - INFO - Connecting to TecDoc MySQL at localhost:3306
2025-11-10 18:52:27,917 - INFO - Connecting to Neon TEST PostgreSQL (copy of production)
2025-11-10 18:52:28,269 - INFO - ✅ Database connections established
2025-11-10 18:52:28,269 - INFO - 🔄 FORCE MODE: Re-processing ALL products from the beginning!
2025-11-10 18:52:28,269 - INFO - 
######################################################################
2025-11-10 18:52:28,269 - INFO - 🚀 FAZA 2 - Batch Obogaćivanje Proizvoda
2025-11-10 18:52:28,269 - INFO - ######################################################################

2025-11-10 18:52:28,269 - INFO - 🔄 FORCE MODE: Starting from offset 0 (re-processing ALL)
2025-11-10 18:52:28,358 - INFO - 
======================================================================
2025-11-10 18:52:28,358 - INFO - 📦 BATCH #1 (offset: 0, size: 50)
2025-11-10 18:52:28,358 - INFO - ======================================================================
2025-11-10 18:52:28,358 - INFO - [1/50] 15-0295-00-9 - SVJETLO REGISTARSKE TABLICE...
2025-11-10 18:52:28,497 - INFO -    ✅ Updated categoryId: Električni sistem
2025-11-10 18:52:28,603 - INFO -    ✅ Saved 1 attribute(s) to technicalSpecs
2025-11-10 18:52:28,888 - ERROR -    ❌ Error getting vehicles: 1054 (42S22): Unknown column 'al.articleId' in 'where clause'
2025-11-10 18:52:28,974 - INFO -    ⏭️  manufacturerId already set
2025-11-10 18:52:29,013 - INFO -    ⏭️  oemNumber already set: 63267193293
2025-11-10 18:52:29,067 - INFO - [2/50] 83815 - MIRIS AROMA CAR JELKICA XTRA BUBBLE GUM...
2025-11-10 18:52:29,159 - INFO -    ✅ Updated categoryId: Električni sistem
2025-11-10 18:52:29,809 - ERROR -    ❌ Error getting vehicles: 1054 (42S22): Unknown column 'al.articleId' in 'where clause'
2025-11-10 18:52:29,899 - INFO -    ⏭️  manufacturerId already set
2025-11-10 18:52:29,937 - INFO -    ⏭️  oemNumber already set: 1447912
2025-11-10 18:52:29,992 - INFO - [3/50] 83811 - MIRIS AROMA CAR JELKICA XTRA VANILIA...
2025-11-10 18:52:30,085 - INFO -    ✅ Updated categoryId: Električni sistem
2025-11-10 18:52:30,727 - ERROR -    ❌ Error getting vehicles: 1054 (42S22): Unknown column 'al.articleId' in 'where clause'
2025-11-10 18:52:30,818 - INFO -    ⏭️  manufacturerId already set
2025-11-10 18:52:30,851 - INFO -    ⏭️  oemNumber already set: 0061514801
2025-11-10 18:52:30,906 - INFO - [4/50] 525601 - MIRIS WUNDER BAUM CLIP CHERRY...
2025-11-10 18:52:30,997 - INFO -    ✅ Updated categoryId: Pogon na točkove
2025-11-10 18:52:31,091 - INFO -    ✅ Saved 1 attribute(s) to technicalSpecs
2025-11-10 18:52:31,095 - ERROR -    ❌ Error getting vehicles: 1054 (42S22): Unknown column 'al.articleId' in 'where clause'
2025-11-10 18:52:31,158 - INFO - 
⚠️  Interrupted by user - progress saved!
2025-11-10 18:52:31,159 - INFO - 🔌 Database connections closed
