2025-11-09 01:22:42,413 - INFO - ✅ Database connections established
2025-11-09 01:22:42,413 - INFO - 🔄 FORCE MODE: Re-processing ALL products from the beginning!
2025-11-09 01:22:42,413 - INFO - 
######################################################################
2025-11-09 01:22:42,413 - INFO - 🚀 FAZA 2 - Batch Obogaćivanje Proizvoda
2025-11-09 01:22:42,413 - INFO - ######################################################################

2025-11-09 01:22:42,413 - INFO - 🔄 FORCE MODE: Starting from offset 0 (re-processing ALL)
2025-11-09 01:22:42,512 - INFO - 
======================================================================
2025-11-09 01:22:42,512 - INFO - 📦 BATCH #1 (offset: 0, size: 50)
2025-11-09 01:22:42,512 - INFO - ======================================================================
2025-11-09 01:22:42,512 - INFO - [1/50] 15-0295-00-9 - SVJETLO REGISTARSKE TABLICE...
2025-11-09 01:22:42,779 - INFO -    ✅ Updated categoryId: Električni sistem
2025-11-09 01:22:42,881 - INFO -    ✅ Saved 1 attribute(s) to technicalSpecs
2025-11-09 01:22:43,312 - INFO -    ⏭️  manufacturerId already set
2025-11-09 01:22:43,341 - INFO -    ⏭️  oemNumber already set: 63267193293
2025-11-09 01:22:43,393 - INFO - [2/50] 83815 - MIRIS AROMA CAR JELKICA XTRA BUBBLE GUM...
2025-11-09 01:22:43,503 - INFO -    ✅ Updated categoryId: Električni sistem
2025-11-09 01:22:44,288 - INFO -    ⏭️  manufacturerId already set
2025-11-09 01:22:44,318 - INFO -    ⏭️  oemNumber already set: 1447912
2025-11-09 01:22:44,372 - INFO - [3/50] 83811 - MIRIS AROMA CAR JELKICA XTRA VANILIA...
2025-11-09 01:22:44,466 - INFO -    ✅ Updated categoryId: Električni sistem
2025-11-09 01:22:45,381 - INFO -    ⏭️  manufacturerId already set
2025-11-09 01:22:45,415 - INFO -    ⏭️  oemNumber already set: 0061514801
2025-11-09 01:22:45,470 - INFO - [4/50] 525601 - MIRIS WUNDER BAUM CLIP CHERRY...
2025-11-09 01:22:45,580 - INFO -    ✅ Updated categoryId: Pogon na točkove
2025-11-09 01:22:45,673 - INFO -    ✅ Saved 1 attribute(s) to technicalSpecs
2025-11-09 01:22:45,824 - INFO -    ⏭️  manufacturerId already set
2025-11-09 01:22:45,856 - INFO -    ⏭️  oemNumber already set: 44017T0AA00
2025-11-09 01:22:45,907 - INFO - [5/50] 791520 - MANNOL EXTREME 5W40 20L SN/CH A3/B4 VW 5...
2025-11-09 01:22:46,005 - INFO -    ✅ Updated categoryId: Motor
2025-11-09 01:22:46,097 - INFO -    ✅ Saved 2 attribute(s) to technicalSpecs
2025-11-09 01:22:46,875 - INFO -    ⏭️  manufacturerId already set
2025-11-09 01:22:46,905 - INFO -    ⏭️  oemNumber already set: RF1G-12-205
2025-11-09 01:22:46,957 - INFO - [6/50] FS1280 - FILTER GORIVA...
2025-11-09 01:22:47,053 - INFO -    ✅ Updated categoryId: Filteri
2025-11-09 01:22:47,145 - INFO -    ✅ Saved 3 attribute(s) to technicalSpecs
2025-11-09 01:22:47,909 - INFO -    ⏭️  manufacturerId already set
2025-11-09 01:22:47,939 - INFO -    ⏭️  oemNumber already set: 3417710
2025-11-09 01:22:47,994 - INFO - [7/50] 24.8190-0067.2 - KABAL DISK PL.M-176/246 A/B 12-...
2025-11-09 01:22:48,061 - INFO -    ✅ Saved 1 attribute(s) to technicalSpecs
2025-11-09 01:22:48,822 - INFO -    ⏭️  manufacturerId already set
2025-11-09 01:22:48,857 - INFO -    ⏭️  oemNumber already set: 221106
2025-11-09 01:22:48,912 - INFO - [8/50] 5808 - KAPA MUŠKA KAMLOK SPOJKE 2...
2025-11-09 01:22:49,008 - INFO -    ✅ Updated categoryId: Sistemi udobnosti
2025-11-09 01:22:49,097 - INFO -    ✅ Saved 2 attribute(s) to technicalSpecs
2025-11-09 01:22:49,681 - INFO -    ⏭️  manufacturerId already set
2025-11-09 01:22:49,715 - INFO -    ⏭️  oemNumber already set: 96602004
2025-11-09 01:22:49,769 - INFO - [9/50] 5821 - STORZ SPOJKA 3...
2025-11-09 01:22:49,868 - INFO -    ✅ Updated categoryId: Posebni alati
2025-11-09 01:22:49,957 - INFO -    ✅ Saved 1 attribute(s) to technicalSpecs
2025-11-09 01:22:50,255 - INFO -    ⏭️  manufacturerId already set
2025-11-09 01:22:50,284 - INFO -    ⏭️  oemNumber already set: 96590723
2025-11-09 01:22:50,338 - INFO - [10/50] D10326TT - PUMPA VODE...
2025-11-09 01:22:50,471 - INFO -    ✅ Updated categoryId: Sistem za hlađenje
2025-11-09 01:22:51,214 - INFO -    ⏭️  manufacturerId already set
2025-11-09 01:22:51,244 - INFO -    ⏭️  oemNumber already set: 216929
2025-11-09 01:22:51,298 - INFO - [11/50] 5824 - KAPA ŽENSKA KAMLOK SPOJKE 2"...
2025-11-09 01:22:51,360 - INFO -    ✅ Saved 3 attribute(s) to technicalSpecs
2025-11-09 01:22:51,419 - INFO -    ⏭️  manufacturerId already set
2025-11-09 01:22:51,473 - INFO - [12/50] 0483 - KAMLOK SPOJKA MT 2"...
2025-11-09 01:22:51,565 - INFO -    ✅ Updated categoryId: Formiranje smjese goriva
2025-11-09 01:22:51,651 - INFO -    ✅ Saved 6 attribute(s) to technicalSpecs
2025-11-09 01:22:51,954 - INFO -    ⏭️  manufacturerId already set
2025-11-09 01:22:51,983 - INFO -    ⏭️  oemNumber already set: 8942165890
2025-11-09 01:22:52,035 - INFO - [13/50] 5797 - KAMLOK SPOJKA VT 2"...
2025-11-09 01:22:52,127 - INFO -    ✅ Updated categoryId: Pogon na točkove
2025-11-09 01:22:52,240 - INFO -    ✅ Saved 6 attribute(s) to technicalSpecs
2025-11-09 01:22:52,640 - INFO -    ⏭️  manufacturerId already set
2025-11-09 01:22:52,670 - INFO -    ⏭️  oemNumber already set: ADU5308
2025-11-09 01:22:52,723 - INFO - [14/50] 18548 - Selen blok lafete prednje osovine...
2025-11-09 01:22:52,789 - INFO -    ✅ Saved 4 attribute(s) to technicalSpecs
2025-11-09 01:22:53,770 - INFO -    ⏭️  manufacturerId already set
2025-11-09 01:22:53,801 - INFO -    ⏭️  oemNumber already set: 158944
2025-11-09 01:22:53,856 - INFO - [15/50] 58006173 - HL.GRIJANJA GOLF 4/OCTAVIA BRZA SPOJKA...
2025-11-09 01:22:53,920 - INFO -    ✅ Saved 4 attribute(s) to technicalSpecs
2025-11-09 01:22:54,690 - INFO -    ⏭️  manufacturerId already set
2025-11-09 01:22:54,723 - INFO -    ⏭️  oemNumber already set: 445354
2025-11-09 01:22:54,778 - INFO - [16/50] TC649 - LAFET ASTRA DX...
2025-11-09 01:22:54,875 - INFO -    ✅ Updated categoryId: Pogon na točkove
2025-11-09 01:22:54,964 - INFO -    ✅ Saved 5 attribute(s) to technicalSpecs
2025-11-09 01:22:55,699 - INFO -    ⏭️  manufacturerId already set
2025-11-09 01:22:55,729 - INFO -    ⏭️  oemNumber already set: 3273EJ
2025-11-09 01:22:55,780 - INFO - [17/50] TC648 - LAFET ASTRA LX...
2025-11-09 01:22:55,871 - INFO -    ✅ Updated categoryId: Pogon na točkove
2025-11-09 01:22:55,958 - INFO -    ✅ Saved 5 attribute(s) to technicalSpecs
2025-11-09 01:22:56,674 - INFO -    ⏭️  manufacturerId already set
2025-11-09 01:22:56,703 - INFO -    ⏭️  oemNumber already set: 3272EJ
2025-11-09 01:22:56,757 - INFO - [18/50] 581364 - GUMA SAVA185/60 R15 84T ZIMSKA S3+ MS...
2025-11-09 01:22:56,852 - INFO -    ✅ Updated categoryId: Motor
2025-11-09 01:22:56,912 - INFO -    ⏭️  manufacturerId already set
2025-11-09 01:22:56,964 - INFO - [19/50] 820310 - MANNOL ATF 10L C3...
2025-11-09 01:22:57,059 - INFO -    ✅ Updated categoryId: Pogon na točkove
2025-11-09 01:22:57,148 - INFO -    ✅ Saved 4 attribute(s) to technicalSpecs
2025-11-09 01:22:57,211 - INFO -    ⏭️  manufacturerId already set
2025-11-09 01:22:57,268 - INFO - [20/50] 532509 - GUMA SAVA 225/55 R16 95H ESKIMO HP2...
2025-11-09 01:22:57,368 - INFO -    ✅ Updated categoryId: Izduvni sistem
2025-11-09 01:22:57,537 - INFO -    ⏭️  manufacturerId already set
2025-11-09 01:22:57,567 - INFO -    ⏭️  oemNumber already set: 84AB5310FA
2025-11-09 01:22:57,620 - INFO - [21/50] 0443 - PRETVARAČ STRUJE MAX 220V-12V 3A...
2025-11-09 01:22:57,733 - INFO -    ✅ Updated categoryId: Formiranje smjese goriva
2025-11-09 01:22:57,831 - INFO -    ✅ Saved 4 attribute(s) to technicalSpecs
2025-11-09 01:22:57,893 - INFO -    ⏭️  manufacturerId already set
2025-11-09 01:22:57,947 - INFO - [22/50] 915.017 - GUMICE POKLOPCA VENTILA...
2025-11-09 01:22:58,046 - INFO -    ✅ Updated categoryId: Motor
2025-11-09 01:22:58,139 - INFO -    ✅ Saved 2 attribute(s) to technicalSpecs
2025-11-09 01:22:58,737 - INFO -    ⏭️  manufacturerId already set
2025-11-09 01:22:58,767 - INFO -    ⏭️  oemNumber already set: 225947
2025-11-09 01:22:58,822 - INFO - [23/50] 915.009 - GUMICE POKLOPCA VENTILA...
2025-11-09 01:22:58,923 - INFO -    ✅ Updated categoryId: Motor
2025-11-09 01:22:59,015 - INFO -    ✅ Saved 2 attribute(s) to technicalSpecs
2025-11-09 01:22:59,656 - INFO -    ⏭️  manufacturerId already set
2025-11-09 01:22:59,685 - INFO -    ⏭️  oemNumber already set: 67534
2025-11-09 01:22:59,739 - INFO - [24/50] 15750 - SPOJKA GSV -1 (1")...
2025-11-09 01:22:59,839 - INFO -    ✅ Updated categoryId: Kočioni sistem
2025-11-09 01:22:59,929 - INFO -    ✅ Saved 9 attribute(s) to technicalSpecs
2025-11-09 01:23:00,665 - INFO -    ⏭️  manufacturerId already set
2025-11-09 01:23:00,698 - INFO -    ⏭️  oemNumber already set: 569014
2025-11-09 01:23:00,748 - INFO - [25/50] 3 397 014 009 - MET. BRISAČA A009S...
2025-11-09 01:23:00,813 - INFO -    ✅ Saved 3 attribute(s) to technicalSpecs
2025-11-09 01:23:01,263 - INFO -    ⏭️  manufacturerId already set
2025-11-09 01:23:01,294 - INFO -    ⏭️  oemNumber already set: A009S
2025-11-09 01:23:01,347 - INFO - [26/50] 047417 - KOPČA SIGURNOSNOG POJASA METAL/PLASTIKA ...
2025-11-09 01:23:01,450 - INFO -    ✅ Updated categoryId: Električni sistem
2025-11-09 01:23:01,560 - INFO -    ✅ Saved 2 attribute(s) to technicalSpecs
2025-11-09 01:23:01,722 - INFO -    ⏭️  manufacturerId already set
2025-11-09 01:23:01,752 - INFO -    ⏭️  oemNumber already set: 5G0941661F
2025-11-09 01:23:01,806 - INFO - [27/50] 232043 - SAJLA PVC 6MM...
2025-11-09 01:23:01,901 - INFO -    ✅ Updated categoryId: Izduvni sistem
2025-11-09 01:23:01,964 - INFO -    ⏭️  manufacturerId already set
2025-11-09 01:23:02,019 - INFO - [28/50] 45000055301 - MOST ZADNJI GOLF 4...
2025-11-09 01:23:02,114 - INFO -    ✅ Updated categoryId: Osovine / upravljanje / točkovi
2025-11-09 01:23:02,209 - INFO -    ✅ Saved 1 attribute(s) to technicalSpecs
2025-11-09 01:23:02,648 - INFO -    ⏭️  manufacturerId already set
2025-11-09 01:23:02,677 - INFO -    ⏭️  oemNumber already set: 89910
2025-11-09 01:23:02,730 - INFO - [29/50] 4072954 - OPRUGA AMORTIZERA RENAULT 4072954 PR.MEG...
2025-11-09 01:23:02,823 - INFO -    ✅ Updated categoryId: Izduvni sistem
2025-11-09 01:23:02,921 - INFO -    ✅ Saved 1 attribute(s) to technicalSpecs
2025-11-09 01:23:03,671 - INFO -    ⏭️  manufacturerId already set
2025-11-09 01:23:03,699 - INFO -    ⏭️  oemNumber already set: 8200106137
2025-11-09 01:23:03,750 - INFO - [30/50] 803118 - MANNOL MAST LITHIUM GREASE LT-43 18KG...
2025-11-09 01:23:03,846 - INFO -    ✅ Updated categoryId: Osovine / upravljanje / točkovi
2025-11-09 01:23:03,905 - INFO -    ⏭️  manufacturerId already set
2025-11-09 01:23:03,959 - INFO - [31/50] 994370 - OPRUGA ZADNJA...
2025-11-09 01:23:04,060 - INFO -    ✅ Updated categoryId: Izduvni sistem
2025-11-09 01:23:04,150 - INFO -    ✅ Saved 4 attribute(s) to technicalSpecs
2025-11-09 01:23:04,680 - INFO -    ⏭️  manufacturerId already set
2025-11-09 01:23:04,710 - INFO -    ⏭️  oemNumber already set: 3C0 511 115 AH
2025-11-09 01:23:04,763 - INFO - [32/50] 7.07381.09.0 - PUMPA ULJA...
2025-11-09 01:23:04,861 - INFO -    ✅ Updated categoryId: Motor
2025-11-09 01:23:05,067 - INFO -    ⏭️  manufacturerId already set
2025-11-09 01:23:05,106 - INFO -    ⏭️  oemNumber already set: 15 00 098 46R
2025-11-09 01:23:05,157 - INFO - [33/50] 215.870 - ČEP BREGASTE...
2025-11-09 01:23:05,258 - INFO -    ✅ Updated categoryId: Motor
2025-11-09 01:23:05,974 - INFO -    ⏭️  manufacturerId already set
2025-11-09 01:23:06,004 - INFO -    ⏭️  oemNumber already set: 116824
2025-11-09 01:23:06,060 - INFO - [34/50] YTZ10S - Akumulator Moto AGM 12V- 9 Ah L YTZ10S 1...
2025-11-09 01:23:06,157 - INFO -    ✅ Updated categoryId: Električni sistem
2025-11-09 01:23:06,246 - INFO -    ✅ Saved 6 attribute(s) to technicalSpecs
2025-11-09 01:23:06,305 - INFO -    ⏭️  manufacturerId already set
2025-11-09 01:23:06,357 - INFO - [35/50] 10 93 8952 - NOSAČ AMORT.M-169/245 (+LEŽ)...
2025-11-09 01:23:06,449 - INFO -    ✅ Updated categoryId: Klima uređaj
2025-11-09 01:23:06,538 - INFO -    ✅ Saved 4 attribute(s) to technicalSpecs
2025-11-09 01:23:07,324 - INFO -    ⏭️  manufacturerId already set
2025-11-09 01:23:07,354 - INFO -    ⏭️  oemNumber already set: 169 320 00 73
2025-11-09 01:23:07,409 - INFO - [36/50] 910208 - ODBOJN.PR.AMOR.M-169/245 04- SET...
2025-11-09 01:23:07,505 - INFO -    ✅ Updated categoryId: Električni sistem
2025-11-09 01:23:07,595 - INFO -    ✅ Saved 3 attribute(s) to technicalSpecs
2025-11-09 01:23:08,297 - INFO -    ⏭️  manufacturerId already set
2025-11-09 01:23:08,327 - INFO -    ⏭️  oemNumber already set: 563-31
2025-11-09 01:23:08,382 - INFO - [37/50] 55331 - PRSTEN ABS RENAULT 55331 MEGANE II, CITR...
2025-11-09 01:23:08,477 - INFO -    ✅ Updated categoryId: Kočioni sistem
2025-11-09 01:23:08,565 - INFO -    ✅ Saved 7 attribute(s) to technicalSpecs
2025-11-09 01:23:09,514 - INFO -    ⏭️  manufacturerId already set
2025-11-09 01:23:09,546 - INFO -    ⏭️  oemNumber already set: AAR5516
2025-11-09 01:23:09,597 - INFO - [38/50] FT3444314 - ŽMIGAVAC FIAT PUNTO EVO BIJELI LX 09-...
2025-11-09 01:23:09,693 - INFO -    ✅ Updated categoryId: Električni sistem
2025-11-09 01:23:09,782 - INFO -    ✅ Saved 2 attribute(s) to technicalSpecs
2025-11-09 01:23:10,254 - INFO -    ⏭️  manufacturerId already set
2025-11-09 01:23:10,284 - INFO -    ⏭️  oemNumber already set: 051858823
2025-11-09 01:23:10,337 - INFO - [39/50] S060214 - LAFETA KPL.M-202/210 LX GOR....
2025-11-09 01:23:10,429 - INFO -    ✅ Updated categoryId: Upravljanje (volan)
2025-11-09 01:23:10,519 - INFO -    ✅ Saved 2 attribute(s) to technicalSpecs
2025-11-09 01:23:11,364 - INFO -    ⏭️  manufacturerId already set
2025-11-09 01:23:11,393 - INFO -    ⏭️  oemNumber already set: 36431
2025-11-09 01:23:11,447 - INFO - [40/50] TH7190.81J - TERMOS.R-MASTER/MOVANO 10- KPL....
2025-11-09 01:23:11,537 - INFO -    ✅ Updated categoryId: Sistem za hlađenje
2025-11-09 01:23:11,625 - INFO -    ✅ Saved 1 attribute(s) to technicalSpecs
2025-11-09 01:23:12,137 - INFO -    ⏭️  manufacturerId already set
2025-11-09 01:23:12,166 - INFO -    ⏭️  oemNumber already set: 215255
2025-11-09 01:23:12,222 - INFO - [41/50] 18036 - JEZGRA ZA CRIJEVO DN 20...
2025-11-09 01:23:12,317 - INFO -    ✅ Updated categoryId: Kočioni sistem
2025-11-09 01:23:12,409 - INFO -    ✅ Saved 9 attribute(s) to technicalSpecs
2025-11-09 01:23:13,194 - INFO -    ⏭️  manufacturerId already set
2025-11-09 01:23:13,223 - INFO -    ⏭️  oemNumber already set: 905 421 00 12
2025-11-09 01:23:13,275 - INFO - [42/50] 08658 - INDIKATOR TEMPERATURE MB 08658...
2025-11-09 01:23:13,370 - INFO -    ✅ Updated categoryId: Mjenjač / prenos
2025-11-09 01:23:13,459 - INFO -    ✅ Saved 10 attribute(s) to technicalSpecs
2025-11-09 01:23:14,684 - INFO -    ⏭️  manufacturerId already set
2025-11-09 01:23:14,720 - INFO -    ⏭️  oemNumber already set: 002 542 73 17
2025-11-09 01:23:14,773 - INFO - [43/50] 2.15726 - CRIJEVO RASHLADNOG SISTEMA...
2025-11-09 01:23:14,849 - INFO -    ✅ Saved 1 attribute(s) to technicalSpecs
2025-11-09 01:23:15,038 - INFO -    ⏭️  manufacturerId already set
2025-11-09 01:23:15,068 - INFO -    ⏭️  oemNumber already set: 20451178
2025-11-09 01:23:15,123 - INFO - [44/50] TD1734W - SELEN BLOK...
2025-11-09 01:23:15,217 - INFO -    ✅ Updated categoryId: Posebni alati
2025-11-09 01:23:15,306 - INFO -    ✅ Saved 3 attribute(s) to technicalSpecs
2025-11-09 01:23:15,423 - INFO -    ⏭️  manufacturerId already set
2025-11-09 01:23:15,454 - INFO -    ⏭️  oemNumber already set: 203390
2025-11-09 01:23:15,509 - INFO - [45/50] 19-226903 - AMORTIZER A6 14-...
2025-11-09 01:23:15,612 - INFO -    ✅ Updated categoryId: Ovjes
2025-11-09 01:23:15,703 - INFO -    ✅ Saved 1 attribute(s) to technicalSpecs
2025-11-09 01:23:15,940 - INFO -    ⏭️  manufacturerId already set
2025-11-09 01:23:15,970 - INFO -    ⏭️  oemNumber already set: 448997
2025-11-09 01:23:16,023 - INFO - [46/50] 103 768 - ULOŽAK BRAVE...
2025-11-09 01:23:16,119 - INFO -    ✅ Updated categoryId: Električni sistem
2025-11-09 01:23:16,207 - INFO -    ✅ Saved 2 attribute(s) to technicalSpecs
2025-11-09 01:23:17,046 - INFO -    ⏭️  manufacturerId already set
2025-11-09 01:23:17,086 - INFO -    ⏭️  oemNumber already set: 217470
2025-11-09 01:23:17,139 - INFO - [47/50] 5703-05-9540921P - MASKA BARNIKA...
2025-11-09 01:23:17,214 - INFO -    ✅ Saved 1 attribute(s) to technicalSpecs
2025-11-09 01:23:17,802 - INFO -    ⏭️  manufacturerId already set
2025-11-09 01:23:17,832 - INFO -    ⏭️  oemNumber already set: 3C0 807 718C GRU
2025-11-09 01:23:17,887 - INFO - [48/50] 5703-05-9540923P - MASKA BRANIKA PASSAT 6/7...
2025-11-09 01:23:17,954 - INFO -    ✅ Saved 1 attribute(s) to technicalSpecs
2025-11-09 01:23:18,113 - INFO -    ⏭️  manufacturerId already set
2025-11-09 01:23:18,143 - INFO -    ⏭️  oemNumber already set: 3C08076459B
2025-11-09 01:23:18,198 - INFO - [49/50] CCZ1412ABE - ABS SENZOR...
2025-11-09 01:23:18,295 - INFO -    ✅ Updated categoryId: Mjenjač / prenos
2025-11-09 01:23:18,383 - INFO -    ✅ Saved 2 attribute(s) to technicalSpecs
2025-11-09 01:23:18,621 - INFO - 
⚠️  Interrupted by user - progress saved!
2025-11-09 01:23:18,624 - INFO - 🔌 Database connections closed
